<?xml version="1.0" encoding="UTF-8"?>
<testsuite xmlns:xsi="http://www.w3.org/2001/XMLSchema-instance" xsi:noNamespaceSchemaLocation="https://maven.apache.org/surefire/maven-surefire-plugin/xsd/surefire-test-report.xsd" name="com.nackademin.teau.lectures_demos_calculator.CalculatorTest" time="0.042" tests="2" errors="0" skipped="0" failures="0">
  <properties>
    <property name="sun.desktop" value="windows"/>
    <property name="awt.toolkit" value="sun.awt.windows.WToolkit"/>
    <property name="file.encoding.pkg" value="sun.io"/>
    <property name="java.specification.version" value="1.8"/>
    <property name="sun.cpu.isalist" value="amd64"/>
    <property name="sun.jnu.encoding" value="Cp1252"/>
    <property name="java.class.path" value="C:\Users\uzab\Workspaces\TestAutoKurs\lectures-demos-calculator\target\test-classes;C:\Users\uzab\Workspaces\TestAutoKurs\lectures-demos-calculator\target\classes;C:\Users\uzab\.m2\repository\junit\junit\4.11\junit-4.11.jar;C:\Users\uzab\.m2\repository\org\hamcrest\hamcrest-core\1.3\hamcrest-core-1.3.jar;"/>
    <property name="java.vm.vendor" value="Oracle Corporation"/>
    <property name="sun.arch.data.model" value="64"/>
    <property name="user.variant" value=""/>
    <property name="java.vendor.url" value="http://java.oracle.com/"/>
    <property name="user.timezone" value="Europe/Berlin"/>
    <property name="java.vm.specification.version" value="1.8"/>
    <property name="os.name" value="Windows 10"/>
    <property name="user.country" value="SE"/>
    <property name="sun.java.launcher" value="SUN_STANDARD"/>
    <property name="sun.boot.library.path" value="C:\Apps\eclipse\EclipseJava\binary\com.sun.java.jdk8.win32.x86_64_1.8.0.v152\jre\bin"/>
    <property name="sun.java.command" value="C:\Users\uzab\AppData\Local\Temp\surefire8822152540859948189\surefirebooter6364408951005709524.jar C:\Users\uzab\AppData\Local\Temp\surefire8822152540859948189 2021-03-09T19-15-26_043-jvmRun1 surefire6366357178754324244tmp surefire_02232456621122766103tmp"/>
    <property name="surefire.test.class.path" value="C:\Users\uzab\Workspaces\TestAutoKurs\lectures-demos-calculator\target\test-classes;C:\Users\uzab\Workspaces\TestAutoKurs\lectures-demos-calculator\target\classes;C:\Users\uzab\.m2\repository\junit\junit\4.11\junit-4.11.jar;C:\Users\uzab\.m2\repository\org\hamcrest\hamcrest-core\1.3\hamcrest-core-1.3.jar;"/>
    <property name="sun.cpu.endian" value="little"/>
    <property name="user.home" value="C:\Users\uzab"/>
    <property name="user.language" value="sv"/>
    <property name="java.specification.vendor" value="Oracle Corporation"/>
    <property name="java.home" value="C:\Apps\eclipse\EclipseJava\binary\com.sun.java.jdk8.win32.x86_64_1.8.0.v152\jre"/>
    <property name="basedir" value="C:\Users\uzab\Workspaces\TestAutoKurs\lectures-demos-calculator"/>
    <property name="file.separator" value="\"/>
    <property name="line.separator" value="&#10;"/>
    <property name="java.vm.specification.vendor" value="Oracle Corporation"/>
    <property name="java.specification.name" value="Java Platform API Specification"/>
    <property name="java.awt.graphicsenv" value="sun.awt.Win32GraphicsEnvironment"/>
    <property name="surefire.real.class.path" value="C:\Users\uzab\AppData\Local\Temp\surefire8822152540859948189\surefirebooter6364408951005709524.jar"/>
    <property name="sun.boot.class.path" value="C:\Apps\eclipse\EclipseJava\binary\com.sun.java.jdk8.win32.x86_64_1.8.0.v152\jre\lib\resources.jar;C:\Apps\eclipse\EclipseJava\binary\com.sun.java.jdk8.win32.x86_64_1.8.0.v152\jre\lib\rt.jar;C:\Apps\eclipse\EclipseJava\binary\com.sun.java.jdk8.win32.x86_64_1.8.0.v152\jre\lib\sunrsasign.jar;C:\Apps\eclipse\EclipseJava\binary\com.sun.java.jdk8.win32.x86_64_1.8.0.v152\jre\lib\jsse.jar;C:\Apps\eclipse\EclipseJava\binary\com.sun.java.jdk8.win32.x86_64_1.8.0.v152\jre\lib\jce.jar;C:\Apps\eclipse\EclipseJava\binary\com.sun.java.jdk8.win32.x86_64_1.8.0.v152\jre\lib\charsets.jar;C:\Apps\eclipse\EclipseJava\binary\com.sun.java.jdk8.win32.x86_64_1.8.0.v152\jre\lib\jfr.jar;C:\Apps\eclipse\EclipseJava\binary\com.sun.java.jdk8.win32.x86_64_1.8.0.v152\jre\classes"/>
    <property name="user.script" value=""/>
    <property name="sun.management.compiler" value="HotSpot 64-Bit Tiered Compilers"/>
    <property name="java.runtime.version" value="1.8.0_152-b16"/>
    <property name="user.name" value="uzab"/>
    <property name="path.separator" value=";"/>
    <property name="os.version" value="10.0"/>
    <property name="java.endorsed.dirs" value="C:\Apps\eclipse\EclipseJava\binary\com.sun.java.jdk8.win32.x86_64_1.8.0.v152\jre\lib\endorsed"/>
    <property name="java.runtime.name" value="Java(TM) SE Runtime Environment"/>
    <property name="file.encoding" value="Cp1252"/>
    <property name="java.vm.name" value="Java HotSpot(TM) 64-Bit Server VM"/>
    <property name="localRepository" value="C:\Users\uzab\.m2\repository"/>
    <property name="java.vendor.url.bug" value="http://bugreport.sun.com/bugreport/"/>
    <property name="java.io.tmpdir" value="C:\Users\uzab\AppData\Local\Temp\"/>
    <property name="java.version" value="1.8.0_152"/>
    <property name="user.dir" value="C:\Users\uzab\Workspaces\TestAutoKurs\lectures-demos-calculator"/>
    <property name="os.arch" value="amd64"/>
    <property name="java.vm.specification.name" value="Java Virtual Machine Specification"/>
    <property name="java.awt.printerjob" value="sun.awt.windows.WPrinterJob"/>
    <property name="sun.os.patch.level" value=""/>
    <property name="java.library.path" value="C:\Apps\eclipse\EclipseJava\binary\com.sun.java.jdk8.win32.x86_64_1.8.0.v152\jre\bin;C:\WINDOWS\Sun\Java\bin;C:\WINDOWS\system32;C:\WINDOWS;C:\Program Files (x86)\Common Files\Oracle\Java\javapath;C:\Apps\IBM\RationalSDLC\common;C:\ProgramData\Oracle\Java\javapath;C:\WINDOWS\system32;C:\WINDOWS;C:\WINDOWS\System32\Wbem;C:\WINDOWS\System32\WindowsPowerShell\v1.0\;c:\Program Files (x86)\Java\jre1.8.0_111\bin\;C:\Apps\IBM\RationalSDLC\ClearCase\bin;C:\Program Files (x86)\IBM\gsk8\lib;C:\Program Files (x86)\IBM\gsk8\bin;C:\Apps\IBM\RationalSDLC\ClearCase\RemoteClient\cteapis;C:\Program Files (x86)\Perl\Bin;C:\Program Files (x86)\Perl\Site\Bin;C:\WINDOWS\System32\OpenSSH\;C:\Apps\M4\m4-1.4.14\bin;C:\Program Files (x86)\zvwin\;C:\Program Files\Git\cmd;c:\Program Files (x86)\Java\jre1.8.0_271\bin\;c:\Program Files\Java\jre1.8.0_271\bin\;C:\Apps\Base\bin;C:\Program Files (x86)\TuxHome\tuxedo12.2.2.0.0_VS2015\bin;\\zv\zv\bin;%USERPROFILE%\AppData\Local\Microsoft\WindowsApps;;."/>
    <property name="java.vm.info" value="mixed mode"/>
    <property name="java.vendor" value="Oracle Corporation"/>
    <property name="java.vm.version" value="25.152-b16"/>
    <property name="java.ext.dirs" value="C:\Apps\eclipse\EclipseJava\binary\com.sun.java.jdk8.win32.x86_64_1.8.0.v152\jre\lib\ext;C:\WINDOWS\Sun\Java\lib\ext"/>
    <property name="sun.io.unicode.encoding" value="UnicodeLittle"/>
    <property name="java.class.version" value="52.0"/>
  </properties>
  <testcase name="testAddition" classname="com.nackademin.teau.lectures_demos_calculator.CalculatorTest" time="0.012"/>
  <testcase name="testSubtraction" classname="com.nackademin.teau.lectures_demos_calculator.CalculatorTest" time="0.009"/>
</testsuite>